<?xml version="1.0" encoding="UTF-8"?>
<!-- Generated by org.testng.reporters.JUnitReportReporter -->
<testsuite hostname="DESKTOP-GN2BNFA" name="test.example.CucumberFeaturesPrerequisiteIT" tests="1" failures="0" timestamp="11 Jul 2017 11:35:41 GMT" time="17.472" errors="0">
  <testcase name="feature" time="17.472" classname="test.example.CucumberFeaturesPrerequisiteIT"/>
</testsuite> <!-- test.example.CucumberFeaturesPrerequisiteIT -->
