<?xml version="1.0" encoding="UTF-8"?>
<!-- Generated by org.testng.reporters.JUnitReportReporter -->
<testsuite hostname="DESKTOP-GN2BNFA" name="test.example.CucumberFeaturesSearchIT" tests="2" failures="0" timestamp="11 Jul 2017 11:35:41 GMT" time="42.403" errors="0">
  <testcase name="feature" time="17.582" classname="test.example.CucumberFeaturesSearchIT"/>
  <testcase name="feature" time="24.821" classname="test.example.CucumberFeaturesSearchIT"/>
</testsuite> <!-- test.example.CucumberFeaturesSearchIT -->
